<?xml version="1.0" encoding="UTF-8"?>
<!-- Generated by org.testng.reporters.JUnitReportReporter -->
<testsuite hostname="DESKTOP-HFQTB3K" failures="0" tests="4" name="com.example.requests.Curd_Operation" time="6.735" errors="0" timestamp="2024-08-03T11:36:03 IST" skipped="0">
  <testcase classname="com.example.requests.Curd_Operation" name="get_list_of_users" time="3.720"/>
  <system-out/>
  <testcase classname="com.example.requests.Curd_Operation" name="createUser" time="2.212"/>
  <system-out/>
  <testcase classname="com.example.requests.Curd_Operation" name="updateUser" time="0.402"/>
  <system-out/>
  <testcase classname="com.example.requests.Curd_Operation" name="deleteUser" time="0.401"/>
  <system-out/>
</testsuite> <!-- com.example.requests.Curd_Operation -->
